

Started GET "/token" for 127.0.0.1 at 2012-10-25 07:12:11 -0600
Connecting to database specified by database.yml

ActionController::RoutingError (No route matches [GET] "/token"):
  actionpack (3.2.8) lib/action_dispatch/middleware/debug_exceptions.rb:21:in `call'
  actionpack (3.2.8) lib/action_dispatch/middleware/show_exceptions.rb:56:in `call'
  railties (3.2.8) lib/rails/rack/logger.rb:26:in `call_app'
  railties (3.2.8) lib/rails/rack/logger.rb:16:in `call'
  actionpack (3.2.8) lib/action_dispatch/middleware/request_id.rb:22:in `call'
  rack (1.4.1) lib/rack/methodoverride.rb:21:in `call'
  rack (1.4.1) lib/rack/runtime.rb:17:in `call'
  activesupport (3.2.8) lib/active_support/cache/strategy/local_cache.rb:72:in `call'
  rack (1.4.1) lib/rack/lock.rb:15:in `call'
  actionpack (3.2.8) lib/action_dispatch/middleware/static.rb:62:in `call'
  railties (3.2.8) lib/rails/engine.rb:479:in `call'
  railties (3.2.8) lib/rails/application.rb:223:in `call'
  rack (1.4.1) lib/rack/content_length.rb:14:in `call'
  railties (3.2.8) lib/rails/rack/log_tailer.rb:17:in `call'
  rack (1.4.1) lib/rack/handler/webrick.rb:59:in `service'
  /home/kindofsleepy/.rvm/rubies/ruby-1.9.3-p194/lib/ruby/1.9.1/webrick/httpserver.rb:138:in `service'
  /home/kindofsleepy/.rvm/rubies/ruby-1.9.3-p194/lib/ruby/1.9.1/webrick/httpserver.rb:94:in `run'
  /home/kindofsleepy/.rvm/rubies/ruby-1.9.3-p194/lib/ruby/1.9.1/webrick/server.rb:191:in `block in start_thread'


  Rendered /home/kindofsleepy/.rvm/gems/ruby-1.9.3-p194/gems/actionpack-3.2.8/lib/action_dispatch/middleware/templates/rescues/routing_error.erb within rescues/layout (40.7ms)


Started GET "/api/token" for 127.0.0.1 at 2012-10-25 07:12:20 -0600
Processing by ApiController#getToken as HTML
Completed 500 Internal Server Error in 437ms

ActionView::MissingTemplate (Missing template api/getToken, application/getToken with {:locale=>[:en], :formats=>[:html], :handlers=>[:erb, :builder, :coffee]}. Searched in:
  * "/home/kindofsleepy/Desktop/cloudsound/app/views"
):
  actionpack (3.2.8) lib/action_view/path_set.rb:58:in `find'
  actionpack (3.2.8) lib/action_view/lookup_context.rb:109:in `find'
  actionpack (3.2.8) lib/action_view/renderer/abstract_renderer.rb:3:in `find_template'
  actionpack (3.2.8) lib/action_view/renderer/template_renderer.rb:34:in `determine_template'
  actionpack (3.2.8) lib/action_view/renderer/template_renderer.rb:10:in `render'
  actionpack (3.2.8) lib/action_view/renderer/renderer.rb:36:in `render_template'
  actionpack (3.2.8) lib/action_view/renderer/renderer.rb:17:in `render'
  actionpack (3.2.8) lib/abstract_controller/rendering.rb:110:in `_render_template'
  actionpack (3.2.8) lib/action_controller/metal/streaming.rb:225:in `_render_template'
  actionpack (3.2.8) lib/abstract_controller/rendering.rb:103:in `render_to_body'
  actionpack (3.2.8) lib/action_controller/metal/renderers.rb:28:in `render_to_body'
  actionpack (3.2.8) lib/action_controller/metal/compatibility.rb:50:in `render_to_body'
  actionpack (3.2.8) lib/abstract_controller/rendering.rb:88:in `render'
  actionpack (3.2.8) lib/action_controller/metal/rendering.rb:16:in `render'
  actionpack (3.2.8) lib/action_controller/metal/instrumentation.rb:40:in `block (2 levels) in render'
  activesupport (3.2.8) lib/active_support/core_ext/benchmark.rb:5:in `block in ms'
  /home/kindofsleepy/.rvm/rubies/ruby-1.9.3-p194/lib/ruby/1.9.1/benchmark.rb:295:in `realtime'
  activesupport (3.2.8) lib/active_support/core_ext/benchmark.rb:5:in `ms'
  actionpack (3.2.8) lib/action_controller/metal/instrumentation.rb:40:in `block in render'
  actionpack (3.2.8) lib/action_controller/metal/instrumentation.rb:83:in `cleanup_view_runtime'
  activerecord (3.2.8) lib/active_record/railties/controller_runtime.rb:24:in `cleanup_view_runtime'
  actionpack (3.2.8) lib/action_controller/metal/instrumentation.rb:39:in `render'
  actionpack (3.2.8) lib/action_controller/metal/implicit_render.rb:10:in `default_render'
  actionpack (3.2.8) lib/action_controller/metal/implicit_render.rb:5:in `send_action'
  actionpack (3.2.8) lib/abstract_controller/base.rb:167:in `process_action'
  actionpack (3.2.8) lib/action_controller/metal/rendering.rb:10:in `process_action'
  actionpack (3.2.8) lib/abstract_controller/callbacks.rb:18:in `block in process_action'
  activesupport (3.2.8) lib/active_support/callbacks.rb:414:in `_run__962487898__process_action__906175436__callbacks'
  activesupport (3.2.8) lib/active_support/callbacks.rb:405:in `__run_callback'
  activesupport (3.2.8) lib/active_support/callbacks.rb:385:in `_run_process_action_callbacks'
  activesupport (3.2.8) lib/active_support/callbacks.rb:81:in `run_callbacks'
  actionpack (3.2.8) lib/abstract_controller/callbacks.rb:17:in `process_action'
  actionpack (3.2.8) lib/action_controller/metal/rescue.rb:29:in `process_action'
  actionpack (3.2.8) lib/action_controller/metal/instrumentation.rb:30:in `block in process_action'
  activesupport (3.2.8) lib/active_support/notifications.rb:123:in `block in instrument'
  activesupport (3.2.8) lib/active_support/notifications/instrumenter.rb:20:in `instrument'
  activesupport (3.2.8) lib/active_support/notifications.rb:123:in `instrument'
  actionpack (3.2.8) lib/action_controller/metal/instrumentation.rb:29:in `process_action'
  actionpack (3.2.8) lib/action_controller/metal/params_wrapper.rb:207:in `process_action'
  activerecord (3.2.8) lib/active_record/railties/controller_runtime.rb:18:in `process_action'
  actionpack (3.2.8) lib/abstract_controller/base.rb:121:in `process'
  actionpack (3.2.8) lib/abstract_controller/rendering.rb:45:in `process'
  actionpack (3.2.8) lib/action_controller/metal.rb:203:in `dispatch'
  actionpack (3.2.8) lib/action_controller/metal/rack_delegation.rb:14:in `dispatch'
  actionpack (3.2.8) lib/action_controller/metal.rb:246:in `block in action'
  actionpack (3.2.8) lib/action_dispatch/routing/route_set.rb:73:in `call'
  actionpack (3.2.8) lib/action_dispatch/routing/route_set.rb:73:in `dispatch'
  actionpack (3.2.8) lib/action_dispatch/routing/route_set.rb:36:in `call'
  journey (1.0.4) lib/journey/router.rb:68:in `block in call'
  journey (1.0.4) lib/journey/router.rb:56:in `each'
  journey (1.0.4) lib/journey/router.rb:56:in `call'
  actionpack (3.2.8) lib/action_dispatch/routing/route_set.rb:600:in `call'
  actionpack (3.2.8) lib/action_dispatch/middleware/best_standards_support.rb:17:in `call'
  rack (1.4.1) lib/rack/etag.rb:23:in `call'
  rack (1.4.1) lib/rack/conditionalget.rb:25:in `call'
  actionpack (3.2.8) lib/action_dispatch/middleware/head.rb:14:in `call'
  actionpack (3.2.8) lib/action_dispatch/middleware/params_parser.rb:21:in `call'
  actionpack (3.2.8) lib/action_dispatch/middleware/flash.rb:242:in `call'
  rack (1.4.1) lib/rack/session/abstract/id.rb:205:in `context'
  rack (1.4.1) lib/rack/session/abstract/id.rb:200:in `call'
  actionpack (3.2.8) lib/action_dispatch/middleware/cookies.rb:339:in `call'
  activerecord (3.2.8) lib/active_record/query_cache.rb:64:in `call'
  activerecord (3.2.8) lib/active_record/connection_adapters/abstract/connection_pool.rb:473:in `call'
  actionpack (3.2.8) lib/action_dispatch/middleware/callbacks.rb:28:in `block in call'
  activesupport (3.2.8) lib/active_support/callbacks.rb:405:in `_run__259433298__call__871929009__callbacks'
  activesupport (3.2.8) lib/active_support/callbacks.rb:405:in `__run_callback'
  activesupport (3.2.8) lib/active_support/callbacks.rb:385:in `_run_call_callbacks'
  activesupport (3.2.8) lib/active_support/callbacks.rb:81:in `run_callbacks'
  actionpack (3.2.8) lib/action_dispatch/middleware/callbacks.rb:27:in `call'
  actionpack (3.2.8) lib/action_dispatch/middleware/reloader.rb:65:in `call'
  actionpack (3.2.8) lib/action_dispatch/middleware/remote_ip.rb:31:in `call'
  actionpack (3.2.8) lib/action_dispatch/middleware/debug_exceptions.rb:16:in `call'
  actionpack (3.2.8) lib/action_dispatch/middleware/show_exceptions.rb:56:in `call'
  railties (3.2.8) lib/rails/rack/logger.rb:26:in `call_app'
  railties (3.2.8) lib/rails/rack/logger.rb:16:in `call'
  actionpack (3.2.8) lib/action_dispatch/middleware/request_id.rb:22:in `call'
  rack (1.4.1) lib/rack/methodoverride.rb:21:in `call'
  rack (1.4.1) lib/rack/runtime.rb:17:in `call'
  activesupport (3.2.8) lib/active_support/cache/strategy/local_cache.rb:72:in `call'
  rack (1.4.1) lib/rack/lock.rb:15:in `call'
  actionpack (3.2.8) lib/action_dispatch/middleware/static.rb:62:in `call'
  railties (3.2.8) lib/rails/engine.rb:479:in `call'
  railties (3.2.8) lib/rails/application.rb:223:in `call'
  rack (1.4.1) lib/rack/content_length.rb:14:in `call'
  railties (3.2.8) lib/rails/rack/log_tailer.rb:17:in `call'
  rack (1.4.1) lib/rack/handler/webrick.rb:59:in `service'
  /home/kindofsleepy/.rvm/rubies/ruby-1.9.3-p194/lib/ruby/1.9.1/webrick/httpserver.rb:138:in `service'
  /home/kindofsleepy/.rvm/rubies/ruby-1.9.3-p194/lib/ruby/1.9.1/webrick/httpserver.rb:94:in `run'
  /home/kindofsleepy/.rvm/rubies/ruby-1.9.3-p194/lib/ruby/1.9.1/webrick/server.rb:191:in `block in start_thread'


  Rendered /home/kindofsleepy/.rvm/gems/ruby-1.9.3-p194/gems/actionpack-3.2.8/lib/action_dispatch/middleware/templates/rescues/missing_template.erb within rescues/layout (0.7ms)


Started GET "/api/token" for 127.0.0.1 at 2012-10-25 07:13:02 -0600
Connecting to database specified by database.yml
Processing by ApiController#getToken as HTML
  Rendered api/getToken.html.erb within layouts/application (3.6ms)
Compiled api.css  (83ms)  (pid 16384)
Compiled application.css  (97ms)  (pid 16384)
Compiled jquery.js  (10ms)  (pid 16384)
Compiled jquery_ujs.js  (0ms)  (pid 16384)
Compiled api.js  (849ms)  (pid 16384)
Compiled application.js  (965ms)  (pid 16384)
Completed 200 OK in 1531ms (Views: 1262.1ms | ActiveRecord: 0.0ms)


Started GET "/assets/application.css?body=1" for 127.0.0.1 at 2012-10-25 07:13:04 -0600
Served asset /application.css - 304 Not Modified (86ms)


Started GET "/assets/api.css?body=1" for 127.0.0.1 at 2012-10-25 07:13:04 -0600
Served asset /api.css - 304 Not Modified (2ms)


Started GET "/assets/api.js?body=1" for 127.0.0.1 at 2012-10-25 07:13:04 -0600
Served asset /api.js - 304 Not Modified (14ms)


Started GET "/assets/jquery_ujs.js?body=1" for 127.0.0.1 at 2012-10-25 07:13:04 -0600
Served asset /jquery_ujs.js - 304 Not Modified (7ms)


Started GET "/assets/jquery.js?body=1" for 127.0.0.1 at 2012-10-25 07:13:04 -0600
Served asset /jquery.js - 304 Not Modified (14ms)


Started GET "/assets/application.js?body=1" for 127.0.0.1 at 2012-10-25 07:13:04 -0600
Served asset /application.js - 304 Not Modified (30ms)


Started GET "/assets/rails.png" for 127.0.0.1 at 2012-10-25 10:02:17 -0600
Connecting to database specified by database.yml
Served asset /rails.png - 304 Not Modified (68ms)


Started GET "/getToken" for 127.0.0.1 at 2012-10-25 10:03:03 -0600

ActionController::RoutingError (No route matches [GET] "/getToken"):
  actionpack (3.2.8) lib/action_dispatch/middleware/debug_exceptions.rb:21:in `call'
  actionpack (3.2.8) lib/action_dispatch/middleware/show_exceptions.rb:56:in `call'
  railties (3.2.8) lib/rails/rack/logger.rb:26:in `call_app'
  railties (3.2.8) lib/rails/rack/logger.rb:16:in `call'
  actionpack (3.2.8) lib/action_dispatch/middleware/request_id.rb:22:in `call'
  rack (1.4.1) lib/rack/methodoverride.rb:21:in `call'
  rack (1.4.1) lib/rack/runtime.rb:17:in `call'
  activesupport (3.2.8) lib/active_support/cache/strategy/local_cache.rb:72:in `call'
  rack (1.4.1) lib/rack/lock.rb:15:in `call'
  actionpack (3.2.8) lib/action_dispatch/middleware/static.rb:62:in `call'
  railties (3.2.8) lib/rails/engine.rb:479:in `call'
  railties (3.2.8) lib/rails/application.rb:223:in `call'
  rack (1.4.1) lib/rack/content_length.rb:14:in `call'
  railties (3.2.8) lib/rails/rack/log_tailer.rb:17:in `call'
  rack (1.4.1) lib/rack/handler/webrick.rb:59:in `service'
  /home/kindofsleepy/.rvm/rubies/ruby-1.9.3-p194/lib/ruby/1.9.1/webrick/httpserver.rb:138:in `service'
  /home/kindofsleepy/.rvm/rubies/ruby-1.9.3-p194/lib/ruby/1.9.1/webrick/httpserver.rb:94:in `run'
  /home/kindofsleepy/.rvm/rubies/ruby-1.9.3-p194/lib/ruby/1.9.1/webrick/server.rb:191:in `block in start_thread'


  Rendered /home/kindofsleepy/.rvm/gems/ruby-1.9.3-p194/gems/actionpack-3.2.8/lib/action_dispatch/middleware/templates/rescues/routing_error.erb within rescues/layout (26.9ms)


Started GET "/token" for 127.0.0.1 at 2012-10-25 10:03:08 -0600

ActionController::RoutingError (No route matches [GET] "/token"):
  actionpack (3.2.8) lib/action_dispatch/middleware/debug_exceptions.rb:21:in `call'
  actionpack (3.2.8) lib/action_dispatch/middleware/show_exceptions.rb:56:in `call'
  railties (3.2.8) lib/rails/rack/logger.rb:26:in `call_app'
  railties (3.2.8) lib/rails/rack/logger.rb:16:in `call'
  actionpack (3.2.8) lib/action_dispatch/middleware/request_id.rb:22:in `call'
  rack (1.4.1) lib/rack/methodoverride.rb:21:in `call'
  rack (1.4.1) lib/rack/runtime.rb:17:in `call'
  activesupport (3.2.8) lib/active_support/cache/strategy/local_cache.rb:72:in `call'
  rack (1.4.1) lib/rack/lock.rb:15:in `call'
  actionpack (3.2.8) lib/action_dispatch/middleware/static.rb:62:in `call'
  railties (3.2.8) lib/rails/engine.rb:479:in `call'
  railties (3.2.8) lib/rails/application.rb:223:in `call'
  rack (1.4.1) lib/rack/content_length.rb:14:in `call'
  railties (3.2.8) lib/rails/rack/log_tailer.rb:17:in `call'
  rack (1.4.1) lib/rack/handler/webrick.rb:59:in `service'
  /home/kindofsleepy/.rvm/rubies/ruby-1.9.3-p194/lib/ruby/1.9.1/webrick/httpserver.rb:138:in `service'
  /home/kindofsleepy/.rvm/rubies/ruby-1.9.3-p194/lib/ruby/1.9.1/webrick/httpserver.rb:94:in `run'
  /home/kindofsleepy/.rvm/rubies/ruby-1.9.3-p194/lib/ruby/1.9.1/webrick/server.rb:191:in `block in start_thread'


  Rendered /home/kindofsleepy/.rvm/gems/ruby-1.9.3-p194/gems/actionpack-3.2.8/lib/action_dispatch/middleware/templates/rescues/routing_error.erb within rescues/layout (1.0ms)


Started GET "/api/token" for 127.0.0.1 at 2012-10-25 10:03:30 -0600
Processing by ApiController#getToken as HTML
Completed 500 Internal Server Error in 1ms

NameError (uninitialized constant ApiController::CloudSound):
  app/controllers/api_controller.rb:13:in `getToken'


  Rendered /home/kindofsleepy/.rvm/gems/ruby-1.9.3-p194/gems/actionpack-3.2.8/lib/action_dispatch/middleware/templates/rescues/_trace.erb (2.4ms)
  Rendered /home/kindofsleepy/.rvm/gems/ruby-1.9.3-p194/gems/actionpack-3.2.8/lib/action_dispatch/middleware/templates/rescues/_request_and_response.erb (3.4ms)
  Rendered /home/kindofsleepy/.rvm/gems/ruby-1.9.3-p194/gems/actionpack-3.2.8/lib/action_dispatch/middleware/templates/rescues/diagnostics.erb within rescues/layout (17.9ms)


Started GET "/api/token" for 127.0.0.1 at 2012-10-25 10:03:56 -0600
Processing by ApiController#getToken as HTML
Completed 500 Internal Server Error in 1ms

NameError (uninitialized constant ApiController::Application):
  app/controllers/api_controller.rb:13:in `getToken'


  Rendered /home/kindofsleepy/.rvm/gems/ruby-1.9.3-p194/gems/actionpack-3.2.8/lib/action_dispatch/middleware/templates/rescues/_trace.erb (2.0ms)
  Rendered /home/kindofsleepy/.rvm/gems/ruby-1.9.3-p194/gems/actionpack-3.2.8/lib/action_dispatch/middleware/templates/rescues/_request_and_response.erb (2.8ms)
  Rendered /home/kindofsleepy/.rvm/gems/ruby-1.9.3-p194/gems/actionpack-3.2.8/lib/action_dispatch/middleware/templates/rescues/diagnostics.erb within rescues/layout (15.9ms)


Started GET "/api/token" for 127.0.0.1 at 2012-10-25 10:04:05 -0600
Connecting to database specified by database.yml
Processing by ApiController#getToken as HTML
Completed 500 Internal Server Error in 1ms

NameError (uninitialized constant ApiController::Application):
  app/controllers/api_controller.rb:13:in `getToken'


  Rendered /home/kindofsleepy/.rvm/gems/ruby-1.9.3-p194/gems/actionpack-3.2.8/lib/action_dispatch/middleware/templates/rescues/_trace.erb (2.8ms)
  Rendered /home/kindofsleepy/.rvm/gems/ruby-1.9.3-p194/gems/actionpack-3.2.8/lib/action_dispatch/middleware/templates/rescues/_request_and_response.erb (1.4ms)
  Rendered /home/kindofsleepy/.rvm/gems/ruby-1.9.3-p194/gems/actionpack-3.2.8/lib/action_dispatch/middleware/templates/rescues/diagnostics.erb within rescues/layout (51.5ms)


Started GET "/api/token" for 127.0.0.1 at 2012-10-25 10:05:30 -0600
Processing by ApiController#getToken as HTML
Completed 500 Internal Server Error in 1ms

NameError (uninitialized constant ApiController::CloudSound):
  app/controllers/api_controller.rb:13:in `getToken'


  Rendered /home/kindofsleepy/.rvm/gems/ruby-1.9.3-p194/gems/actionpack-3.2.8/lib/action_dispatch/middleware/templates/rescues/_trace.erb (3.1ms)
  Rendered /home/kindofsleepy/.rvm/gems/ruby-1.9.3-p194/gems/actionpack-3.2.8/lib/action_dispatch/middleware/templates/rescues/_request_and_response.erb (1.5ms)
  Rendered /home/kindofsleepy/.rvm/gems/ruby-1.9.3-p194/gems/actionpack-3.2.8/lib/action_dispatch/middleware/templates/rescues/diagnostics.erb within rescues/layout (15.3ms)


Started GET "/api/token" for 127.0.0.1 at 2012-10-25 10:07:47 -0600
Connecting to database specified by database.yml
Processing by ApiController#getToken as HTML
Completed 500 Internal Server Error in 1ms

NameError (uninitialized constant ApiController::CloudSound):
  app/controllers/api_controller.rb:13:in `getToken'


  Rendered /home/kindofsleepy/.rvm/gems/ruby-1.9.3-p194/gems/actionpack-3.2.8/lib/action_dispatch/middleware/templates/rescues/_trace.erb (2.1ms)
  Rendered /home/kindofsleepy/.rvm/gems/ruby-1.9.3-p194/gems/actionpack-3.2.8/lib/action_dispatch/middleware/templates/rescues/_request_and_response.erb (2.9ms)
  Rendered /home/kindofsleepy/.rvm/gems/ruby-1.9.3-p194/gems/actionpack-3.2.8/lib/action_dispatch/middleware/templates/rescues/diagnostics.erb within rescues/layout (48.0ms)


Started GET "/api/token" for 127.0.0.1 at 2012-10-25 10:09:50 -0600
Connecting to database specified by database.yml
Processing by ApiController#getToken as HTML
  Rendered api/getToken.html.erb within layouts/application (41.9ms)
Completed 200 OK in 277ms (Views: 276.5ms | ActiveRecord: 0.0ms)


Started GET "/assets/application.css?body=1" for 127.0.0.1 at 2012-10-25 10:09:51 -0600
Served asset /application.css - 304 Not Modified (10ms)


Started GET "/assets/api.css?body=1" for 127.0.0.1 at 2012-10-25 10:09:51 -0600
Served asset /api.css - 304 Not Modified (7ms)


Started GET "/assets/application.js?body=1" for 127.0.0.1 at 2012-10-25 10:09:51 -0600
Served asset /application.js - 304 Not Modified (11ms)


Started GET "/assets/api.js?body=1" for 127.0.0.1 at 2012-10-25 10:09:51 -0600
Served asset /api.js - 304 Not Modified (1ms)


Started GET "/assets/jquery_ujs.js?body=1" for 127.0.0.1 at 2012-10-25 10:09:51 -0600
Served asset /jquery_ujs.js - 304 Not Modified (12ms)


Started GET "/assets/jquery.js?body=1" for 127.0.0.1 at 2012-10-25 10:09:51 -0600
Served asset /jquery.js - 304 Not Modified (18ms)


Started GET "/api/token" for 127.0.0.1 at 2012-10-25 10:10:26 -0600
Connecting to database specified by database.yml

SyntaxError (/home/kindofsleepy/Desktop/cloudsound/app/controllers/api_controller.rb:13: dynamic constant assignment
		CloudSound::Application::TEST = "apple"
		                               ^):
  activesupport (3.2.8) lib/active_support/dependencies.rb:469:in `load'
  activesupport (3.2.8) lib/active_support/dependencies.rb:469:in `block in load_file'
  activesupport (3.2.8) lib/active_support/dependencies.rb:639:in `new_constants_in'
  activesupport (3.2.8) lib/active_support/dependencies.rb:468:in `load_file'
  activesupport (3.2.8) lib/active_support/dependencies.rb:353:in `require_or_load'
  activesupport (3.2.8) lib/active_support/dependencies.rb:502:in `load_missing_constant'
  activesupport (3.2.8) lib/active_support/dependencies.rb:192:in `block in const_missing'
  activesupport (3.2.8) lib/active_support/dependencies.rb:190:in `each'
  activesupport (3.2.8) lib/active_support/dependencies.rb:190:in `const_missing'
  activesupport (3.2.8) lib/active_support/inflector/methods.rb:230:in `block in constantize'
  activesupport (3.2.8) lib/active_support/inflector/methods.rb:229:in `each'
  activesupport (3.2.8) lib/active_support/inflector/methods.rb:229:in `constantize'
  activesupport (3.2.8) lib/active_support/dependencies.rb:554:in `get'
  actionpack (3.2.8) lib/action_dispatch/routing/route_set.rb:69:in `controller_reference'
  actionpack (3.2.8) lib/action_dispatch/routing/route_set.rb:54:in `controller'
  actionpack (3.2.8) lib/action_dispatch/routing/route_set.rb:32:in `call'
  journey (1.0.4) lib/journey/router.rb:68:in `block in call'
  journey (1.0.4) lib/journey/router.rb:56:in `each'
  journey (1.0.4) lib/journey/router.rb:56:in `call'
  actionpack (3.2.8) lib/action_dispatch/routing/route_set.rb:600:in `call'
  actionpack (3.2.8) lib/action_dispatch/middleware/best_standards_support.rb:17:in `call'
  rack (1.4.1) lib/rack/etag.rb:23:in `call'
  rack (1.4.1) lib/rack/conditionalget.rb:25:in `call'
  actionpack (3.2.8) lib/action_dispatch/middleware/head.rb:14:in `call'
  actionpack (3.2.8) lib/action_dispatch/middleware/params_parser.rb:21:in `call'
  actionpack (3.2.8) lib/action_dispatch/middleware/flash.rb:242:in `call'
  rack (1.4.1) lib/rack/session/abstract/id.rb:205:in `context'
  rack (1.4.1) lib/rack/session/abstract/id.rb:200:in `call'
  actionpack (3.2.8) lib/action_dispatch/middleware/cookies.rb:339:in `call'
  activerecord (3.2.8) lib/active_record/query_cache.rb:64:in `call'
  activerecord (3.2.8) lib/active_record/connection_adapters/abstract/connection_pool.rb:473:in `call'
  actionpack (3.2.8) lib/action_dispatch/middleware/callbacks.rb:28:in `block in call'
  activesupport (3.2.8) lib/active_support/callbacks.rb:405:in `_run__477954319__call__1052035050__callbacks'
  activesupport (3.2.8) lib/active_support/callbacks.rb:405:in `__run_callback'
  activesupport (3.2.8) lib/active_support/callbacks.rb:385:in `_run_call_callbacks'
  activesupport (3.2.8) lib/active_support/callbacks.rb:81:in `run_callbacks'
  actionpack (3.2.8) lib/action_dispatch/middleware/callbacks.rb:27:in `call'
  actionpack (3.2.8) lib/action_dispatch/middleware/reloader.rb:65:in `call'
  actionpack (3.2.8) lib/action_dispatch/middleware/remote_ip.rb:31:in `call'
  actionpack (3.2.8) lib/action_dispatch/middleware/debug_exceptions.rb:16:in `call'
  actionpack (3.2.8) lib/action_dispatch/middleware/show_exceptions.rb:56:in `call'
  railties (3.2.8) lib/rails/rack/logger.rb:26:in `call_app'
  railties (3.2.8) lib/rails/rack/logger.rb:16:in `call'
  actionpack (3.2.8) lib/action_dispatch/middleware/request_id.rb:22:in `call'
  rack (1.4.1) lib/rack/methodoverride.rb:21:in `call'
  rack (1.4.1) lib/rack/runtime.rb:17:in `call'
  activesupport (3.2.8) lib/active_support/cache/strategy/local_cache.rb:72:in `call'
  rack (1.4.1) lib/rack/lock.rb:15:in `call'
  actionpack (3.2.8) lib/action_dispatch/middleware/static.rb:62:in `call'
  railties (3.2.8) lib/rails/engine.rb:479:in `call'
  railties (3.2.8) lib/rails/application.rb:223:in `call'
  rack (1.4.1) lib/rack/content_length.rb:14:in `call'
  railties (3.2.8) lib/rails/rack/log_tailer.rb:17:in `call'
  rack (1.4.1) lib/rack/handler/webrick.rb:59:in `service'
  /home/kindofsleepy/.rvm/rubies/ruby-1.9.3-p194/lib/ruby/1.9.1/webrick/httpserver.rb:138:in `service'
  /home/kindofsleepy/.rvm/rubies/ruby-1.9.3-p194/lib/ruby/1.9.1/webrick/httpserver.rb:94:in `run'
  /home/kindofsleepy/.rvm/rubies/ruby-1.9.3-p194/lib/ruby/1.9.1/webrick/server.rb:191:in `block in start_thread'


  Rendered /home/kindofsleepy/.rvm/gems/ruby-1.9.3-p194/gems/actionpack-3.2.8/lib/action_dispatch/middleware/templates/rescues/_trace.erb (4.0ms)
  Rendered /home/kindofsleepy/.rvm/gems/ruby-1.9.3-p194/gems/actionpack-3.2.8/lib/action_dispatch/middleware/templates/rescues/_request_and_response.erb (3.8ms)
  Rendered /home/kindofsleepy/.rvm/gems/ruby-1.9.3-p194/gems/actionpack-3.2.8/lib/action_dispatch/middleware/templates/rescues/diagnostics.erb within rescues/layout (53.2ms)


Started GET "/api/token" for 127.0.0.1 at 2012-10-25 10:10:50 -0600
Processing by ApiController#getToken as HTML
Completed 500 Internal Server Error in 1ms

NameError (uninitialized constant ApiController::CloudSound):
  app/controllers/api_controller.rb:13:in `getToken'


  Rendered /home/kindofsleepy/.rvm/gems/ruby-1.9.3-p194/gems/actionpack-3.2.8/lib/action_dispatch/middleware/templates/rescues/_trace.erb (2.3ms)
  Rendered /home/kindofsleepy/.rvm/gems/ruby-1.9.3-p194/gems/actionpack-3.2.8/lib/action_dispatch/middleware/templates/rescues/_request_and_response.erb (1.4ms)
  Rendered /home/kindofsleepy/.rvm/gems/ruby-1.9.3-p194/gems/actionpack-3.2.8/lib/action_dispatch/middleware/templates/rescues/diagnostics.erb within rescues/layout (17.1ms)


Started GET "/api/token" for 127.0.0.1 at 2012-10-25 10:11:13 -0600
Connecting to database specified by database.yml
Processing by ApiController#getToken as HTML
Completed 500 Internal Server Error in 2ms

NameError (uninitialized constant ApiController::TEST):
  app/controllers/api_controller.rb:13:in `getToken'


  Rendered /home/kindofsleepy/.rvm/gems/ruby-1.9.3-p194/gems/actionpack-3.2.8/lib/action_dispatch/middleware/templates/rescues/_trace.erb (2.1ms)
  Rendered /home/kindofsleepy/.rvm/gems/ruby-1.9.3-p194/gems/actionpack-3.2.8/lib/action_dispatch/middleware/templates/rescues/_request_and_response.erb (1.5ms)
  Rendered /home/kindofsleepy/.rvm/gems/ruby-1.9.3-p194/gems/actionpack-3.2.8/lib/action_dispatch/middleware/templates/rescues/diagnostics.erb within rescues/layout (43.1ms)
Connecting to database specified by database.yml


Started GET "/api/token" for 127.0.0.1 at 2012-10-25 10:13:46 -0600
Connecting to database specified by database.yml
Processing by ApiController#getToken as HTML
  Rendered api/getToken.html.erb within layouts/application (35.8ms)
Completed 200 OK in 75ms (Views: 74.3ms | ActiveRecord: 0.0ms)


Started GET "/assets/application.css?body=1" for 127.0.0.1 at 2012-10-25 10:13:47 -0600
Served asset /application.css - 304 Not Modified (3ms)


Started GET "/assets/jquery_ujs.js?body=1" for 127.0.0.1 at 2012-10-25 10:13:47 -0600
Served asset /jquery_ujs.js - 304 Not Modified (15ms)


Started GET "/assets/jquery.js?body=1" for 127.0.0.1 at 2012-10-25 10:13:47 -0600
Served asset /jquery.js - 304 Not Modified (6ms)


Started GET "/assets/api.css?body=1" for 127.0.0.1 at 2012-10-25 10:13:47 -0600
Served asset /api.css - 304 Not Modified (6ms)


Started GET "/assets/api.js?body=1" for 127.0.0.1 at 2012-10-25 10:13:47 -0600
Served asset /api.js - 304 Not Modified (5ms)


Started GET "/assets/application.js?body=1" for 127.0.0.1 at 2012-10-25 10:13:47 -0600
Served asset /application.js - 304 Not Modified (28ms)


Started GET "/api/token" for 127.0.0.1 at 2012-10-25 10:14:13 -0600
Connecting to database specified by database.yml
Processing by ApiController#getToken as HTML
Completed 500 Internal Server Error in 1ms

NameError (uninitialized constant ApiController::CloudSound):
  app/controllers/api_controller.rb:13:in `getToken'


  Rendered /home/kindofsleepy/.rvm/gems/ruby-1.9.3-p194/gems/actionpack-3.2.8/lib/action_dispatch/middleware/templates/rescues/_trace.erb (2.2ms)
  Rendered /home/kindofsleepy/.rvm/gems/ruby-1.9.3-p194/gems/actionpack-3.2.8/lib/action_dispatch/middleware/templates/rescues/_request_and_response.erb (2.7ms)
  Rendered /home/kindofsleepy/.rvm/gems/ruby-1.9.3-p194/gems/actionpack-3.2.8/lib/action_dispatch/middleware/templates/rescues/diagnostics.erb within rescues/layout (21.7ms)


Started GET "/api/token" for 127.0.0.1 at 2012-10-25 10:15:34 -0600
Processing by ApiController#getToken as HTML
Completed 500 Internal Server Error in 1ms

NameError (uninitialized constant ApiController::Application):
  app/controllers/api_controller.rb:13:in `getToken'


  Rendered /home/kindofsleepy/.rvm/gems/ruby-1.9.3-p194/gems/actionpack-3.2.8/lib/action_dispatch/middleware/templates/rescues/_trace.erb (2.0ms)
  Rendered /home/kindofsleepy/.rvm/gems/ruby-1.9.3-p194/gems/actionpack-3.2.8/lib/action_dispatch/middleware/templates/rescues/_request_and_response.erb (1.7ms)
  Rendered /home/kindofsleepy/.rvm/gems/ruby-1.9.3-p194/gems/actionpack-3.2.8/lib/action_dispatch/middleware/templates/rescues/diagnostics.erb within rescues/layout (16.5ms)


Started GET "/api/token" for 127.0.0.1 at 2012-10-25 10:15:43 -0600
Connecting to database specified by database.yml
Processing by ApiController#getToken as HTML
Completed 500 Internal Server Error in 3ms

NameError (uninitialized constant ApiController::Application):
  app/controllers/api_controller.rb:13:in `getToken'


  Rendered /home/kindofsleepy/.rvm/gems/ruby-1.9.3-p194/gems/actionpack-3.2.8/lib/action_dispatch/middleware/templates/rescues/_trace.erb (2.2ms)
  Rendered /home/kindofsleepy/.rvm/gems/ruby-1.9.3-p194/gems/actionpack-3.2.8/lib/action_dispatch/middleware/templates/rescues/_request_and_response.erb (1.5ms)
  Rendered /home/kindofsleepy/.rvm/gems/ruby-1.9.3-p194/gems/actionpack-3.2.8/lib/action_dispatch/middleware/templates/rescues/diagnostics.erb within rescues/layout (52.3ms)


Started GET "/api/token" for 127.0.0.1 at 2012-10-25 10:30:30 -0600
Connecting to database specified by database.yml
Processing by ApiController#getToken as HTML
  Rendered api/getToken.html.erb within layouts/application (34.5ms)
Completed 200 OK in 174ms (Views: 173.8ms | ActiveRecord: 0.0ms)


Started GET "/assets/application.css?body=1" for 127.0.0.1 at 2012-10-25 10:30:31 -0600
Served asset /application.css - 304 Not Modified (10ms)


Started GET "/assets/api.js?body=1" for 127.0.0.1 at 2012-10-25 10:30:31 -0600
Served asset /api.js - 304 Not Modified (6ms)


Started GET "/assets/jquery_ujs.js?body=1" for 127.0.0.1 at 2012-10-25 10:30:31 -0600
Served asset /jquery_ujs.js - 304 Not Modified (7ms)


Started GET "/assets/jquery.js?body=1" for 127.0.0.1 at 2012-10-25 10:30:31 -0600
Served asset /jquery.js - 304 Not Modified (19ms)


Started GET "/assets/application.js?body=1" for 127.0.0.1 at 2012-10-25 10:30:31 -0600
Served asset /application.js - 304 Not Modified (24ms)


Started GET "/assets/api.css?body=1" for 127.0.0.1 at 2012-10-25 10:30:31 -0600
Served asset /api.css - 304 Not Modified (4ms)


Started GET "/api/token" for 127.0.0.1 at 2012-10-25 10:31:36 -0600
Connecting to database specified by database.yml
Processing by ApiController#getToken as HTML
Completed 500 Internal Server Error in 2ms

NameError (uninitialized constant ApiController::TEST):
  app/controllers/api_controller.rb:13:in `getToken'


  Rendered /home/kindofsleepy/.rvm/gems/ruby-1.9.3-p194/gems/actionpack-3.2.8/lib/action_dispatch/middleware/templates/rescues/_trace.erb (3.1ms)
  Rendered /home/kindofsleepy/.rvm/gems/ruby-1.9.3-p194/gems/actionpack-3.2.8/lib/action_dispatch/middleware/templates/rescues/_request_and_response.erb (1.6ms)
  Rendered /home/kindofsleepy/.rvm/gems/ruby-1.9.3-p194/gems/actionpack-3.2.8/lib/action_dispatch/middleware/templates/rescues/diagnostics.erb within rescues/layout (25.5ms)


Started GET "/api/token" for 127.0.0.1 at 2012-10-25 10:31:50 -0600
Processing by ApiController#getToken as HTML
  Rendered api/getToken.html.erb within layouts/application (0.4ms)
Completed 200 OK in 30ms (Views: 29.4ms | ActiveRecord: 0.0ms)


Started GET "/assets/application.css?body=1" for 127.0.0.1 at 2012-10-25 10:31:50 -0600
Served asset /application.css - 304 Not Modified (30ms)


Started GET "/assets/api.css?body=1" for 127.0.0.1 at 2012-10-25 10:31:50 -0600
Served asset /api.css - 304 Not Modified (2ms)


Started GET "/assets/jquery.js?body=1" for 127.0.0.1 at 2012-10-25 10:31:50 -0600
Served asset /jquery.js - 304 Not Modified (71ms)


Started GET "/assets/jquery_ujs.js?body=1" for 127.0.0.1 at 2012-10-25 10:31:50 -0600
Served asset /jquery_ujs.js - 304 Not Modified (12ms)


Started GET "/assets/application.js?body=1" for 127.0.0.1 at 2012-10-25 10:31:50 -0600
Served asset /application.js - 304 Not Modified (22ms)


Started GET "/assets/api.js?body=1" for 127.0.0.1 at 2012-10-25 10:31:50 -0600
Served asset /api.js - 304 Not Modified (1ms)
